<?xml version="1.0" encoding="UTF-8"?>
<!-- Generated by org.testng.reporters.JUnitReportReporter -->
<testsuite skipped="0" hostname="DESKTOP-1I81RKP" name="testCases.OHRM.TC_EP_00CheckEmpLoginWithValidData" tests="1" failures="0" timestamp="2023-03-16T17:05:13 IST" time="9.697" errors="0">
  <testcase name="employeeLoginValidData" time="9.697" classname="testCases.OHRM.TC_EP_00CheckEmpLoginWithValidData"/>
  <system-out/>
</testsuite> <!-- testCases.OHRM.TC_EP_00CheckEmpLoginWithValidData -->
