<?xml version="1.0" encoding="UTF-8"?>
<!-- Generated by org.testng.reporters.JUnitReportReporter -->
<testsuite hostname="DESKTOP-1I81RKP" failures="0" tests="1" name="testCases.OHRM.TC_MT_01AddUserContactDetailsTest" time="10.345" errors="0" timestamp="2023-03-04T18:16:02 IST" skipped="0">
  <testcase classname="testCases.OHRM.TC_MT_01AddUserContactDetailsTest" name="contactDetails" time="10.345"/>
  <system-out/>
</testsuite> <!-- testCases.OHRM.TC_MT_01AddUserContactDetailsTest -->
