<?xml version="1.0" encoding="UTF-8"?>
<!-- Generated by org.testng.reporters.JUnitReportReporter -->
<testsuite hostname="DESKTOP-1I81RKP" failures="0" tests="1" name="testCases.OHRM.CheckAdminLoginWithValidData" time="4.027" errors="0" timestamp="2023-03-03T00:19:54 IST" skipped="0">
  <testcase classname="testCases.OHRM.CheckAdminLoginWithValidData" name="loginAdminPage" time="4.027"/>
  <system-out/>
</testsuite> <!-- testCases.OHRM.CheckAdminLoginWithValidData -->
