<?xml version="1.0" encoding="UTF-8"?>
<!-- Generated by org.testng.reporters.JUnitReportReporter -->
<testsuite hostname="DESKTOP-1I81RKP" failures="0" tests="1" name="testCases.OHRM.CheckBrokenLinksInTest" time="74.175" errors="0" timestamp="2023-03-01T18:37:50 IST" skipped="0">
  <testcase classname="testCases.OHRM.CheckBrokenLinksInTest" name="brokenLinkCount" time="74.175"/>
  <system-out/>
</testsuite> <!-- testCases.OHRM.CheckBrokenLinksInTest -->
