<?xml version="1.0" encoding="UTF-8"?>
<!-- Generated by org.testng.reporters.JUnitReportReporter -->
<testsuite hostname="DESKTOP-1I81RKP" failures="0" tests="1" name="testCases.OHRM.CheckEmpLeavesGenrated" time="15.316" errors="0" timestamp="2023-03-03T00:19:54 IST" skipped="0">
  <testcase classname="testCases.OHRM.CheckEmpLeavesGenrated" name="EmployeeLeavesGarants" time="15.316"/>
  <system-out/>
</testsuite> <!-- testCases.OHRM.CheckEmpLeavesGenrated -->
