<?xml version="1.0" encoding="UTF-8"?>
<!-- Generated by org.testng.reporters.JUnitReportReporter -->
<testsuite hostname="DESKTOP-1I81RKP" failures="0" tests="1" name="testCases.OHRM.CheckAdminLoginWithInvalidData" time="1.522" errors="0" timestamp="2023-02-27T17:39:08 IST" skipped="0">
  <testcase classname="testCases.OHRM.CheckAdminLoginWithInvalidData" name="LoginAdminWithInvalidData" time="1.522"/>
  <system-out/>
</testsuite> <!-- testCases.OHRM.CheckAdminLoginWithInvalidData -->
