<?xml version="1.0" encoding="UTF-8"?>
<!-- Generated by org.testng.reporters.JUnitReportReporter -->
<testsuite skipped="0" hostname="DESKTOP-1I81RKP" name="testCases.OHRM.TC_LP_00CheckAdminLoginWithValidData" tests="1" failures="0" timestamp="2023-03-16T17:05:13 IST" time="0.182" errors="0">
  <testcase name="loginAdminPage" time="0.182" classname="testCases.OHRM.TC_LP_00CheckAdminLoginWithValidData"/>
  <system-out/>
</testsuite> <!-- testCases.OHRM.TC_LP_00CheckAdminLoginWithValidData -->
